<?xml version="1.0" encoding="UTF-8"?>
<!-- Generated by org.testng.reporters.JUnitXMLReporter -->
<testsuite hostname="PC-10161" name="Default test" tests="465" failures="5" timestamp="29 Jul 2016 14:34:14 GMT" time="0.447" errors="0">
  <testcase name="test_AddEnd_0" time="0.007" classname="test.LListTestNGParamet"/>
  <testcase name="test_AddEnd_0" time="0.0" classname="test.LListTestNGParamet"/>
  <testcase name="test_AddEnd_0" time="0.0" classname="test.LListTestNGParamet"/>
  <testcase name="test_AddEnd_0" time="0.001" classname="test.LListTestNGParamet"/>
  <testcase name="test_AddEnd_0" time="0.001" classname="test.LListTestNGParamet"/>
  <testcase name="test_AddEnd_1" time="0.001" classname="test.LListTestNGParamet"/>
  <testcase name="test_AddEnd_1" time="0.0" classname="test.LListTestNGParamet"/>
  <testcase name="test_AddEnd_1" time="0.001" classname="test.LListTestNGParamet"/>
  <testcase name="test_AddEnd_1" time="0.001" classname="test.LListTestNGParamet"/>
  <testcase name="test_AddEnd_1" time="0.001" classname="test.LListTestNGParamet"/>
  <testcase name="test_AddEnd_2" time="0.0" classname="test.LListTestNGParamet"/>
  <testcase name="test_AddEnd_2" time="0.001" classname="test.LListTestNGParamet"/>
  <testcase name="test_AddEnd_2" time="0.001" classname="test.LListTestNGParamet"/>
  <testcase name="test_AddEnd_2" time="0.0" classname="test.LListTestNGParamet"/>
  <testcase name="test_AddEnd_2" time="0.0" classname="test.LListTestNGParamet"/>
  <testcase name="test_AddEnd_many" time="0.0" classname="test.LListTestNGParamet"/>
  <testcase name="test_AddEnd_many" time="0.0" classname="test.LListTestNGParamet"/>
  <testcase name="test_AddEnd_many" time="0.001" classname="test.LListTestNGParamet"/>
  <testcase name="test_AddEnd_many" time="0.0" classname="test.LListTestNGParamet"/>
  <testcase name="test_AddEnd_many" time="0.0" classname="test.LListTestNGParamet"/>
  <testcase name="test_AddStart_0" time="0.0" classname="test.LListTestNGParamet"/>
  <testcase name="test_AddStart_0" time="0.0" classname="test.LListTestNGParamet"/>
  <testcase name="test_AddStart_0" time="0.001" classname="test.LListTestNGParamet"/>
  <testcase name="test_AddStart_0" time="0.0" classname="test.LListTestNGParamet"/>
  <testcase name="test_AddStart_0" time="0.001" classname="test.LListTestNGParamet"/>
  <testcase name="test_AddStart_1" time="0.0" classname="test.LListTestNGParamet"/>
  <testcase name="test_AddStart_1" time="0.001" classname="test.LListTestNGParamet"/>
  <testcase name="test_AddStart_1" time="0.0" classname="test.LListTestNGParamet"/>
  <testcase name="test_AddStart_1" time="0.001" classname="test.LListTestNGParamet"/>
  <testcase name="test_AddStart_1" time="0.0" classname="test.LListTestNGParamet"/>
  <testcase name="test_AddStart_2" time="0.0" classname="test.LListTestNGParamet"/>
  <testcase name="test_AddStart_2" time="0.0" classname="test.LListTestNGParamet"/>
  <testcase name="test_AddStart_2" time="0.001" classname="test.LListTestNGParamet"/>
  <testcase name="test_AddStart_2" time="0.0" classname="test.LListTestNGParamet"/>
  <testcase name="test_AddStart_2" time="0.0" classname="test.LListTestNGParamet"/>
  <testcase name="test_AddStart_many" time="0.0" classname="test.LListTestNGParamet"/>
  <testcase name="test_AddStart_many" time="0.001" classname="test.LListTestNGParamet"/>
  <testcase name="test_AddStart_many" time="0.0" classname="test.LListTestNGParamet"/>
  <testcase name="test_AddStart_many" time="0.0" classname="test.LListTestNGParamet"/>
  <testcase name="test_AddStart_many" time="0.001" classname="test.LListTestNGParamet"/>
  <testcase name="test_Clear_0" time="0.0" classname="test.LListTestNGParamet"/>
  <testcase name="test_Clear_0" time="0.002" classname="test.LListTestNGParamet"/>
  <testcase name="test_Clear_0" time="0.001" classname="test.LListTestNGParamet"/>
  <testcase name="test_Clear_0" time="0.0" classname="test.LListTestNGParamet"/>
  <testcase name="test_Clear_0" time="0.0" classname="test.LListTestNGParamet"/>
  <testcase name="test_Clear_1" time="0.001" classname="test.LListTestNGParamet"/>
  <testcase name="test_Clear_1" time="0.0" classname="test.LListTestNGParamet"/>
  <testcase name="test_Clear_1" time="0.001" classname="test.LListTestNGParamet"/>
  <testcase name="test_Clear_1" time="0.001" classname="test.LListTestNGParamet"/>
  <testcase name="test_Clear_1" time="0.001" classname="test.LListTestNGParamet"/>
  <testcase name="test_Clear_2" time="0.001" classname="test.LListTestNGParamet"/>
  <testcase name="test_Clear_2" time="0.001" classname="test.LListTestNGParamet"/>
  <testcase name="test_Clear_2" time="0.001" classname="test.LListTestNGParamet"/>
  <testcase name="test_Clear_2" time="0.001" classname="test.LListTestNGParamet"/>
  <testcase name="test_Clear_2" time="0.0" classname="test.LListTestNGParamet"/>
  <testcase name="test_Clear_many" time="0.0" classname="test.LListTestNGParamet"/>
  <testcase name="test_Clear_many" time="0.001" classname="test.LListTestNGParamet"/>
  <testcase name="test_Clear_many" time="0.0" classname="test.LListTestNGParamet"/>
  <testcase name="test_Clear_many" time="0.0" classname="test.LListTestNGParamet"/>
  <testcase name="test_Clear_many" time="0.0" classname="test.LListTestNGParamet"/>
  <testcase name="test_Clear_null" time="0.001" classname="test.LListTestNGParamet"/>
  <testcase name="test_Clear_null" time="0.0" classname="test.LListTestNGParamet"/>
  <testcase name="test_Clear_null" time="0.002" classname="test.LListTestNGParamet"/>
  <testcase name="test_Clear_null" time="0.001" classname="test.LListTestNGParamet"/>
  <testcase name="test_Clear_null" time="0.0" classname="test.LListTestNGParamet"/>
  <testcase name="test_DelEnd_0" time="0.001" classname="test.LListTestNGParamet"/>
  <testcase name="test_DelEnd_0" time="0.001" classname="test.LListTestNGParamet"/>
  <testcase name="test_DelEnd_0" time="0.0" classname="test.LListTestNGParamet"/>
  <testcase name="test_DelEnd_0" time="0.008" classname="test.LListTestNGParamet"/>
  <testcase name="test_DelEnd_0" time="0.001" classname="test.LListTestNGParamet"/>
  <testcase name="test_DelEnd_1" time="0.001" classname="test.LListTestNGParamet"/>
  <testcase name="test_DelEnd_1" time="0.001" classname="test.LListTestNGParamet"/>
  <testcase name="test_DelEnd_1" time="0.0" classname="test.LListTestNGParamet"/>
  <testcase name="test_DelEnd_1" time="0.0" classname="test.LListTestNGParamet"/>
  <testcase name="test_DelEnd_1" time="0.001" classname="test.LListTestNGParamet"/>
  <testcase name="test_DelEnd_2" time="0.001" classname="test.LListTestNGParamet"/>
  <testcase name="test_DelEnd_2" time="0.001" classname="test.LListTestNGParamet"/>
  <testcase name="test_DelEnd_2" time="0.002" classname="test.LListTestNGParamet"/>
  <testcase name="test_DelEnd_2" time="0.0" classname="test.LListTestNGParamet"/>
  <testcase name="test_DelEnd_2" time="0.0" classname="test.LListTestNGParamet"/>
  <testcase name="test_DelEnd_many" time="0.001" classname="test.LListTestNGParamet"/>
  <testcase name="test_DelEnd_many" time="0.0" classname="test.LListTestNGParamet"/>
  <testcase name="test_DelEnd_many" time="0.0" classname="test.LListTestNGParamet"/>
  <testcase name="test_DelEnd_many" time="0.001" classname="test.LListTestNGParamet"/>
  <testcase name="test_DelEnd_many" time="0.0" classname="test.LListTestNGParamet"/>
  <testcase name="test_DelPos_0" time="0.001" classname="test.LListTestNGParamet"/>
  <testcase name="test_DelPos_0" time="0.001" classname="test.LListTestNGParamet"/>
  <testcase name="test_DelPos_0" time="0.0" classname="test.LListTestNGParamet"/>
  <testcase name="test_DelPos_0" time="0.001" classname="test.LListTestNGParamet"/>
  <testcase name="test_DelPos_0" time="0.0" classname="test.LListTestNGParamet"/>
  <testcase name="test_DelPos_1" time="0.001" classname="test.LListTestNGParamet"/>
  <testcase name="test_DelPos_1" time="0.0" classname="test.LListTestNGParamet"/>
  <testcase name="test_DelPos_1" time="0.0" classname="test.LListTestNGParamet"/>
  <testcase name="test_DelPos_1" time="0.001" classname="test.LListTestNGParamet"/>
  <testcase name="test_DelPos_1" time="0.0" classname="test.LListTestNGParamet"/>
  <testcase name="test_DelPos_2" time="0.001" classname="test.LListTestNGParamet"/>
  <testcase name="test_DelPos_2" time="0.001" classname="test.LListTestNGParamet"/>
  <testcase name="test_DelPos_2" time="0.002" classname="test.LListTestNGParamet"/>
  <testcase name="test_DelPos_2" time="0.0" classname="test.LListTestNGParamet"/>
  <testcase name="test_DelPos_2" time="0.0" classname="test.LListTestNGParamet"/>
  <testcase name="test_DelPos_Expc" time="0.0" classname="test.LListTestNGParamet"/>
  <testcase name="test_DelPos_Expc" time="0.0" classname="test.LListTestNGParamet"/>
  <testcase name="test_DelPos_Expc" time="0.0" classname="test.LListTestNGParamet"/>
  <testcase name="test_DelPos_Expc" time="0.001" classname="test.LListTestNGParamet"/>
  <testcase name="test_DelPos_Expc" time="0.0" classname="test.LListTestNGParamet"/>
  <testcase name="test_DelPos_many" time="0.0" classname="test.LListTestNGParamet"/>
  <testcase name="test_DelPos_many" time="0.001" classname="test.LListTestNGParamet"/>
  <testcase name="test_DelPos_many" time="0.001" classname="test.LListTestNGParamet"/>
  <testcase name="test_DelPos_many" time="0.0" classname="test.LListTestNGParamet"/>
  <testcase name="test_DelPos_many" time="0.0" classname="test.LListTestNGParamet"/>
  <testcase name="test_DelPos_many_end" time="0.0" classname="test.LListTestNGParamet"/>
  <testcase name="test_DelPos_many_end" time="0.0" classname="test.LListTestNGParamet"/>
  <testcase name="test_DelPos_many_end" time="0.001" classname="test.LListTestNGParamet"/>
  <testcase name="test_DelPos_many_end" time="0.0" classname="test.LListTestNGParamet"/>
  <testcase name="test_DelPos_many_end" time="0.0" classname="test.LListTestNGParamet"/>
  <testcase name="test_DelStart_0" time="0.001" classname="test.LListTestNGParamet"/>
  <testcase name="test_DelStart_0" time="0.001" classname="test.LListTestNGParamet"/>
  <testcase name="test_DelStart_0" time="0.001" classname="test.LListTestNGParamet"/>
  <testcase name="test_DelStart_0" time="0.0" classname="test.LListTestNGParamet"/>
  <testcase name="test_DelStart_0" time="0.0" classname="test.LListTestNGParamet"/>
  <testcase name="test_DelStart_1" time="0.001" classname="test.LListTestNGParamet"/>
  <testcase name="test_DelStart_1" time="0.0" classname="test.LListTestNGParamet"/>
  <testcase name="test_DelStart_1" time="0.0" classname="test.LListTestNGParamet"/>
  <testcase name="test_DelStart_1" time="0.001" classname="test.LListTestNGParamet"/>
  <testcase name="test_DelStart_1" time="0.0" classname="test.LListTestNGParamet"/>
  <testcase name="test_DelStart_2" time="0.001" classname="test.LListTestNGParamet"/>
  <testcase name="test_DelStart_2" time="0.0" classname="test.LListTestNGParamet"/>
  <testcase name="test_DelStart_2" time="0.0" classname="test.LListTestNGParamet"/>
  <testcase name="test_DelStart_2" time="0.001" classname="test.LListTestNGParamet"/>
  <testcase name="test_DelStart_2" time="0.0" classname="test.LListTestNGParamet"/>
  <testcase name="test_DelStart_many" time="0.0" classname="test.LListTestNGParamet"/>
  <testcase name="test_DelStart_many" time="0.0" classname="test.LListTestNGParamet"/>
  <testcase name="test_DelStart_many" time="0.0" classname="test.LListTestNGParamet"/>
  <testcase name="test_DelStart_many" time="0.0" classname="test.LListTestNGParamet"/>
  <testcase name="test_DelStart_many" time="0.001" classname="test.LListTestNGParamet"/>
  <testcase name="test_Get_0" time="0.001" classname="test.LListTestNGParamet"/>
  <testcase name="test_Get_0" time="0.001" classname="test.LListTestNGParamet"/>
  <testcase name="test_Get_0" time="0.0" classname="test.LListTestNGParamet"/>
  <testcase name="test_Get_0" time="0.0" classname="test.LListTestNGParamet"/>
  <testcase name="test_Get_0" time="0.0" classname="test.LListTestNGParamet"/>
  <testcase name="test_Get_1" time="0.0" classname="test.LListTestNGParamet"/>
  <testcase name="test_Get_1" time="0.0" classname="test.LListTestNGParamet"/>
  <testcase name="test_Get_1" time="0.0" classname="test.LListTestNGParamet"/>
  <testcase name="test_Get_1" time="0.0" classname="test.LListTestNGParamet"/>
  <testcase name="test_Get_1" time="0.001" classname="test.LListTestNGParamet"/>
  <testcase name="test_Get_2" time="0.001" classname="test.LListTestNGParamet"/>
  <testcase name="test_Get_2" time="0.0" classname="test.LListTestNGParamet"/>
  <testcase name="test_Get_2" time="0.0" classname="test.LListTestNGParamet"/>
  <testcase name="test_Get_2" time="0.0" classname="test.LListTestNGParamet"/>
  <testcase name="test_Get_2" time="0.0" classname="test.LListTestNGParamet"/>
  <testcase name="test_Get_many" time="0.0" classname="test.LListTestNGParamet"/>
  <testcase name="test_Get_many" time="0.001" classname="test.LListTestNGParamet"/>
  <testcase name="test_Get_many" time="0.0" classname="test.LListTestNGParamet"/>
  <testcase name="test_Get_many" time="0.001" classname="test.LListTestNGParamet"/>
  <testcase name="test_Get_many" time="0.0" classname="test.LListTestNGParamet"/>
  <testcase name="test_Iterator_0" time="0.001" classname="test.LListTestNGParamet"/>
  <testcase name="test_Iterator_0" time="0.0" classname="test.LListTestNGParamet"/>
  <testcase name="test_Iterator_0" time="0.0" classname="test.LListTestNGParamet"/>
  <testcase name="test_Iterator_0" time="0.0" classname="test.LListTestNGParamet"/>
  <testcase name="test_Iterator_0" time="0.001" classname="test.LListTestNGParamet"/>
  <testcase name="test_Iterator_1" time="0.0" classname="test.LListTestNGParamet"/>
  <testcase name="test_Iterator_1" time="0.001" classname="test.LListTestNGParamet"/>
  <testcase name="test_Iterator_1" time="0.0" classname="test.LListTestNGParamet"/>
  <testcase name="test_Iterator_1" time="0.0" classname="test.LListTestNGParamet"/>
  <testcase name="test_Iterator_1" time="0.001" classname="test.LListTestNGParamet"/>
  <testcase name="test_Iterator_2" time="0.0" classname="test.LListTestNGParamet"/>
  <testcase name="test_Iterator_2" time="0.0" classname="test.LListTestNGParamet"/>
  <testcase name="test_Iterator_2" time="0.0" classname="test.LListTestNGParamet"/>
  <testcase name="test_Iterator_2" time="0.0" classname="test.LListTestNGParamet"/>
  <testcase name="test_Iterator_2" time="0.0" classname="test.LListTestNGParamet"/>
  <testcase name="test_Iterator_many" time="0.001" classname="test.LListTestNGParamet"/>
  <testcase name="test_Iterator_many" time="0.0" classname="test.LListTestNGParamet"/>
  <testcase name="test_Iterator_many" time="0.001" classname="test.LListTestNGParamet"/>
  <testcase name="test_Iterator_many" time="0.0" classname="test.LListTestNGParamet"/>
  <testcase name="test_Iterator_many" time="0.0" classname="test.LListTestNGParamet"/>
  <testcase name="test_MaxPos_0" time="0.0" classname="test.LListTestNGParamet"/>
  <testcase name="test_MaxPos_0" time="0.001" classname="test.LListTestNGParamet"/>
  <testcase name="test_MaxPos_0" time="0.0" classname="test.LListTestNGParamet"/>
  <testcase name="test_MaxPos_0" time="0.0" classname="test.LListTestNGParamet"/>
  <testcase name="test_MaxPos_0" time="0.0" classname="test.LListTestNGParamet"/>
  <testcase name="test_MaxPos_1" time="0.0" classname="test.LListTestNGParamet"/>
  <testcase name="test_MaxPos_1" time="0.0" classname="test.LListTestNGParamet"/>
  <testcase name="test_MaxPos_1" time="0.0" classname="test.LListTestNGParamet"/>
  <testcase name="test_MaxPos_1" time="0.0" classname="test.LListTestNGParamet"/>
  <testcase name="test_MaxPos_1" time="0.001" classname="test.LListTestNGParamet"/>
  <testcase name="test_MaxPos_2" time="0.001" classname="test.LListTestNGParamet"/>
  <testcase name="test_MaxPos_2" time="0.0" classname="test.LListTestNGParamet"/>
  <testcase name="test_MaxPos_2" time="0.001" classname="test.LListTestNGParamet"/>
  <testcase name="test_MaxPos_2" time="0.0" classname="test.LListTestNGParamet"/>
  <testcase name="test_MaxPos_2" time="0.001" classname="test.LListTestNGParamet"/>
  <testcase name="test_MaxPos_many" time="0.0" classname="test.LListTestNGParamet"/>
  <testcase name="test_MaxPos_many" time="0.0" classname="test.LListTestNGParamet"/>
  <testcase name="test_MaxPos_many" time="0.0" classname="test.LListTestNGParamet"/>
  <testcase name="test_MaxPos_many" time="0.0" classname="test.LListTestNGParamet"/>
  <testcase name="test_MaxPos_many" time="0.0" classname="test.LListTestNGParamet"/>
  <testcase name="test_Max_0" time="0.0" classname="test.LListTestNGParamet"/>
  <testcase name="test_Max_0" time="0.0" classname="test.LListTestNGParamet"/>
  <testcase name="test_Max_0" time="0.0" classname="test.LListTestNGParamet"/>
  <testcase name="test_Max_0" time="0.0" classname="test.LListTestNGParamet"/>
  <testcase name="test_Max_0" time="0.0" classname="test.LListTestNGParamet"/>
  <testcase name="test_Max_1" time="0.001" classname="test.LListTestNGParamet"/>
  <testcase name="test_Max_1" time="0.0" classname="test.LListTestNGParamet"/>
  <testcase name="test_Max_1" time="0.0" classname="test.LListTestNGParamet"/>
  <testcase name="test_Max_1" time="0.0" classname="test.LListTestNGParamet"/>
  <testcase name="test_Max_1" time="0.0" classname="test.LListTestNGParamet"/>
  <testcase name="test_Max_2" time="0.0" classname="test.LListTestNGParamet"/>
  <testcase name="test_Max_2" time="0.0" classname="test.LListTestNGParamet"/>
  <testcase name="test_Max_2" time="0.001" classname="test.LListTestNGParamet"/>
  <testcase name="test_Max_2" time="0.0" classname="test.LListTestNGParamet"/>
  <testcase name="test_Max_2" time="0.0" classname="test.LListTestNGParamet"/>
  <testcase name="test_Max_many" time="0.0" classname="test.LListTestNGParamet"/>
  <testcase name="test_Max_many" time="0.0" classname="test.LListTestNGParamet"/>
  <testcase name="test_Max_many" time="0.001" classname="test.LListTestNGParamet"/>
  <testcase name="test_Max_many" time="0.0" classname="test.LListTestNGParamet"/>
  <testcase name="test_Max_many" time="0.0" classname="test.LListTestNGParamet"/>
  <testcase name="test_MinPos_0" time="0.0" classname="test.LListTestNGParamet"/>
  <testcase name="test_MinPos_0" time="0.0" classname="test.LListTestNGParamet"/>
  <testcase name="test_MinPos_0" time="0.0" classname="test.LListTestNGParamet"/>
  <testcase name="test_MinPos_0" time="0.0" classname="test.LListTestNGParamet"/>
  <testcase name="test_MinPos_0" time="0.0" classname="test.LListTestNGParamet"/>
  <testcase name="test_MinPos_1" time="0.001" classname="test.LListTestNGParamet"/>
  <testcase name="test_MinPos_1" time="0.0" classname="test.LListTestNGParamet"/>
  <testcase name="test_MinPos_1" time="0.0" classname="test.LListTestNGParamet"/>
  <testcase name="test_MinPos_1" time="0.0" classname="test.LListTestNGParamet"/>
  <testcase name="test_MinPos_1" time="0.0" classname="test.LListTestNGParamet"/>
  <testcase name="test_MinPos_2" time="0.001" classname="test.LListTestNGParamet"/>
  <testcase name="test_MinPos_2" time="0.0" classname="test.LListTestNGParamet"/>
  <testcase name="test_MinPos_2" time="0.0" classname="test.LListTestNGParamet"/>
  <testcase name="test_MinPos_2" time="0.003" classname="test.LListTestNGParamet"/>
  <testcase name="test_MinPos_2" time="0.0" classname="test.LListTestNGParamet"/>
  <testcase name="test_MinPos_Ex" time="0.0" classname="test.LListTestNGParamet"/>
  <testcase name="test_MinPos_Ex" time="0.0" classname="test.LListTestNGParamet"/>
  <testcase name="test_MinPos_Ex" time="0.0" classname="test.LListTestNGParamet"/>
  <testcase name="test_MinPos_Ex" time="0.003" classname="test.LListTestNGParamet"/>
  <testcase name="test_MinPos_Ex" time="0.0" classname="test.LListTestNGParamet"/>
  <testcase name="test_MinPos_many" time="0.0" classname="test.LListTestNGParamet"/>
  <testcase name="test_MinPos_many" time="0.0" classname="test.LListTestNGParamet"/>
  <testcase name="test_MinPos_many" time="0.0" classname="test.LListTestNGParamet"/>
  <testcase name="test_MinPos_many" time="0.0" classname="test.LListTestNGParamet"/>
  <testcase name="test_MinPos_many" time="0.001" classname="test.LListTestNGParamet"/>
  <testcase name="test_Min_0" time="0.0" classname="test.LListTestNGParamet"/>
  <testcase name="test_Min_0" time="0.001" classname="test.LListTestNGParamet"/>
  <testcase name="test_Min_0" time="0.005" classname="test.LListTestNGParamet"/>
  <testcase name="test_Min_0" time="0.0" classname="test.LListTestNGParamet"/>
  <testcase name="test_Min_0" time="0.0" classname="test.LListTestNGParamet"/>
  <testcase name="test_Min_1" time="0.002" classname="test.LListTestNGParamet"/>
  <testcase name="test_Min_1" time="0.001" classname="test.LListTestNGParamet"/>
  <testcase name="test_Min_1" time="0.0" classname="test.LListTestNGParamet"/>
  <testcase name="test_Min_1" time="0.0" classname="test.LListTestNGParamet"/>
  <testcase name="test_Min_1" time="0.001" classname="test.LListTestNGParamet"/>
  <testcase name="test_Min_2" time="0.0" classname="test.LListTestNGParamet"/>
  <testcase name="test_Min_2" time="0.001" classname="test.LListTestNGParamet"/>
  <testcase name="test_Min_2" time="0.0" classname="test.LListTestNGParamet"/>
  <testcase name="test_Min_2" time="0.0" classname="test.LListTestNGParamet"/>
  <testcase name="test_Min_2" time="0.001" classname="test.LListTestNGParamet"/>
  <testcase name="test_Min_Ex" time="0.0" classname="test.LListTestNGParamet"/>
  <testcase name="test_Min_Ex" time="0.0" classname="test.LListTestNGParamet"/>
  <testcase name="test_Min_Ex" time="0.0" classname="test.LListTestNGParamet"/>
  <testcase name="test_Min_Ex" time="0.0" classname="test.LListTestNGParamet"/>
  <testcase name="test_Min_Ex" time="0.0" classname="test.LListTestNGParamet"/>
  <testcase name="test_Min_many" time="0.0" classname="test.LListTestNGParamet"/>
  <testcase name="test_Min_many" time="0.001" classname="test.LListTestNGParamet"/>
  <testcase name="test_Min_many" time="0.0" classname="test.LListTestNGParamet"/>
  <testcase name="test_Min_many" time="0.0" classname="test.LListTestNGParamet"/>
  <testcase name="test_Min_many" time="0.0" classname="test.LListTestNGParamet"/>
  <testcase name="test_Revers_0" time="0.0" classname="test.LListTestNGParamet"/>
  <testcase name="test_Revers_0" time="0.0" classname="test.LListTestNGParamet"/>
  <testcase name="test_Revers_0" time="0.001" classname="test.LListTestNGParamet"/>
  <testcase name="test_Revers_0" time="0.0" classname="test.LListTestNGParamet"/>
  <testcase name="test_Revers_0" time="0.0" classname="test.LListTestNGParamet"/>
  <testcase name="test_Revers_1" time="0.0" classname="test.LListTestNGParamet"/>
  <testcase name="test_Revers_1" time="0.0" classname="test.LListTestNGParamet"/>
  <testcase name="test_Revers_1" time="0.0" classname="test.LListTestNGParamet"/>
  <testcase name="test_Revers_1" time="0.0" classname="test.LListTestNGParamet"/>
  <testcase name="test_Revers_1" time="0.0" classname="test.LListTestNGParamet"/>
  <testcase name="test_Revers_2" time="0.001" classname="test.LListTestNGParamet"/>
  <testcase name="test_Revers_2" time="0.0" classname="test.LListTestNGParamet"/>
  <testcase name="test_Revers_2" time="0.0" classname="test.LListTestNGParamet"/>
  <testcase name="test_Revers_2" time="0.0" classname="test.LListTestNGParamet"/>
  <testcase name="test_Revers_2" time="0.0" classname="test.LListTestNGParamet"/>
  <testcase name="test_Revers_many" time="0.0" classname="test.LListTestNGParamet"/>
  <testcase name="test_Revers_many" time="0.0" classname="test.LListTestNGParamet"/>
  <testcase name="test_Revers_many" time="0.0" classname="test.LListTestNGParamet"/>
  <testcase name="test_Revers_many" time="0.0" classname="test.LListTestNGParamet"/>
  <testcase name="test_Revers_many" time="0.0" classname="test.LListTestNGParamet"/>
  <testcase name="test_Set_0" time="0.0" classname="test.LListTestNGParamet"/>
  <testcase name="test_Set_0" time="0.001" classname="test.LListTestNGParamet"/>
  <testcase name="test_Set_0" time="0.0" classname="test.LListTestNGParamet"/>
  <testcase name="test_Set_0" time="0.0" classname="test.LListTestNGParamet"/>
  <testcase name="test_Set_0" time="0.0" classname="test.LListTestNGParamet"/>
  <testcase name="test_Set_1" time="0.0" classname="test.LListTestNGParamet"/>
  <testcase name="test_Set_1" time="0.001" classname="test.LListTestNGParamet"/>
  <testcase name="test_Set_1" time="0.0" classname="test.LListTestNGParamet"/>
  <testcase name="test_Set_1" time="0.0" classname="test.LListTestNGParamet"/>
  <testcase name="test_Set_1" time="0.0" classname="test.LListTestNGParamet"/>
  <testcase name="test_Set_2" time="0.0" classname="test.LListTestNGParamet"/>
  <testcase name="test_Set_2" time="0.0" classname="test.LListTestNGParamet"/>
  <testcase name="test_Set_2" time="0.0" classname="test.LListTestNGParamet"/>
  <testcase name="test_Set_2" time="0.001" classname="test.LListTestNGParamet"/>
  <testcase name="test_Set_2" time="0.0" classname="test.LListTestNGParamet"/>
  <testcase name="test_Set_many" time="0.0" classname="test.LListTestNGParamet"/>
  <testcase name="test_Set_many" time="0.001" classname="test.LListTestNGParamet"/>
  <testcase name="test_Set_many" time="0.0" classname="test.LListTestNGParamet"/>
  <testcase name="test_Set_many" time="0.001" classname="test.LListTestNGParamet"/>
  <testcase name="test_Set_many" time="0.001" classname="test.LListTestNGParamet"/>
  <testcase name="test_Size_0" time="0.0" classname="test.LListTestNGParamet"/>
  <testcase name="test_Size_0" time="0.0" classname="test.LListTestNGParamet"/>
  <testcase name="test_Size_0" time="0.0" classname="test.LListTestNGParamet"/>
  <testcase name="test_Size_0" time="0.0" classname="test.LListTestNGParamet"/>
  <testcase name="test_Size_0" time="0.0" classname="test.LListTestNGParamet"/>
  <testcase name="test_Size_1" time="0.001" classname="test.LListTestNGParamet"/>
  <testcase name="test_Size_1" time="0.0" classname="test.LListTestNGParamet"/>
  <testcase name="test_Size_1" time="0.0" classname="test.LListTestNGParamet"/>
  <testcase name="test_Size_1" time="0.0" classname="test.LListTestNGParamet"/>
  <testcase name="test_Size_1" time="0.0" classname="test.LListTestNGParamet"/>
  <testcase name="test_Size_2" time="0.0" classname="test.LListTestNGParamet"/>
  <testcase name="test_Size_2" time="0.0" classname="test.LListTestNGParamet"/>
  <testcase name="test_Size_2" time="0.001" classname="test.LListTestNGParamet"/>
  <testcase name="test_Size_2" time="0.0" classname="test.LListTestNGParamet"/>
  <testcase name="test_Size_2" time="0.001" classname="test.LListTestNGParamet"/>
  <testcase name="test_Size_many" time="0.001" classname="test.LListTestNGParamet"/>
  <testcase name="test_Size_many" time="0.0" classname="test.LListTestNGParamet"/>
  <testcase name="test_Size_many" time="0.001" classname="test.LListTestNGParamet"/>
  <testcase name="test_Size_many" time="0.0" classname="test.LListTestNGParamet"/>
  <testcase name="test_Size_many" time="0.0" classname="test.LListTestNGParamet"/>
  <testcase name="test_Size_null" time="0.0" classname="test.LListTestNGParamet"/>
  <testcase name="test_Size_null" time="0.001" classname="test.LListTestNGParamet"/>
  <testcase name="test_Size_null" time="0.0" classname="test.LListTestNGParamet"/>
  <testcase name="test_Size_null" time="0.0" classname="test.LListTestNGParamet"/>
  <testcase name="test_Size_null" time="0.0" classname="test.LListTestNGParamet"/>
  <testcase name="test_Sort_0" time="0.0" classname="test.LListTestNGParamet"/>
  <testcase name="test_Sort_0" time="0.0" classname="test.LListTestNGParamet"/>
  <testcase name="test_Sort_0" time="0.0" classname="test.LListTestNGParamet"/>
  <testcase name="test_Sort_0" time="0.0" classname="test.LListTestNGParamet"/>
  <testcase name="test_Sort_0" time="0.0" classname="test.LListTestNGParamet"/>
  <testcase name="test_Sort_1" time="0.001" classname="test.LListTestNGParamet"/>
  <testcase name="test_Sort_1" time="0.0" classname="test.LListTestNGParamet"/>
  <testcase name="test_Sort_1" time="0.0" classname="test.LListTestNGParamet"/>
  <testcase name="test_Sort_1" time="0.0" classname="test.LListTestNGParamet"/>
  <testcase name="test_Sort_1" time="0.0" classname="test.LListTestNGParamet"/>
  <testcase name="test_Sort_2" time="0.0" classname="test.LListTestNGParamet"/>
  <testcase name="test_Sort_2" time="0.0" classname="test.LListTestNGParamet"/>
  <testcase name="test_Sort_2" time="0.004" classname="test.LListTestNGParamet"/>
  <testcase name="test_Sort_2" time="0.0" classname="test.LListTestNGParamet"/>
  <testcase name="test_Sort_2" time="0.0" classname="test.LListTestNGParamet"/>
  <testcase name="test_Sort_many" time="0.0" classname="test.LListTestNGParamet"/>
  <testcase name="test_Sort_many" time="0.001" classname="test.LListTestNGParamet"/>
  <testcase name="test_Sort_many" time="0.0" classname="test.LListTestNGParamet"/>
  <testcase name="test_Sort_many" time="0.0" classname="test.LListTestNGParamet"/>
  <testcase name="test_Sort_many" time="0.001" classname="test.LListTestNGParamet"/>
  <testcase name="test_ToString_0" time="0.0" classname="test.LListTestNGParamet"/>
  <testcase name="test_ToString_0" time="0.0" classname="test.LListTestNGParamet"/>
  <testcase name="test_ToString_0" time="0.003" classname="test.LListTestNGParamet"/>
  <testcase name="test_ToString_0" time="0.0" classname="test.LListTestNGParamet"/>
  <testcase name="test_ToString_0" time="0.0" classname="test.LListTestNGParamet"/>
  <testcase name="test_ToString_1" time="0.0" classname="test.LListTestNGParamet"/>
  <testcase name="test_ToString_1" time="0.0" classname="test.LListTestNGParamet"/>
  <testcase name="test_ToString_1" time="0.0" classname="test.LListTestNGParamet"/>
  <testcase name="test_ToString_1" time="0.001" classname="test.LListTestNGParamet"/>
  <testcase name="test_ToString_1" time="0.0" classname="test.LListTestNGParamet"/>
  <testcase name="test_ToString_2" time="0.0" classname="test.LListTestNGParamet"/>
  <testcase name="test_ToString_2" time="0.001" classname="test.LListTestNGParamet"/>
  <testcase name="test_ToString_2" time="0.0" classname="test.LListTestNGParamet"/>
  <testcase name="test_ToString_2" time="0.0" classname="test.LListTestNGParamet"/>
  <testcase name="test_ToString_2" time="0.0" classname="test.LListTestNGParamet"/>
  <testcase name="test_ToString_many" time="0.0" classname="test.LListTestNGParamet"/>
  <testcase name="test_ToString_many" time="0.0" classname="test.LListTestNGParamet"/>
  <testcase name="test_ToString_many" time="0.0" classname="test.LListTestNGParamet"/>
  <testcase name="test_ToString_many" time="0.001" classname="test.LListTestNGParamet"/>
  <testcase name="test_ToString_many" time="0.0" classname="test.LListTestNGParamet"/>
  <testcase name="test_addPos_0" time="0.0" classname="test.LListTestNGParamet"/>
  <testcase name="test_addPos_0" time="0.0" classname="test.LListTestNGParamet"/>
  <testcase name="test_addPos_0" time="0.0" classname="test.LListTestNGParamet"/>
  <testcase name="test_addPos_0" time="0.0" classname="test.LListTestNGParamet"/>
  <testcase name="test_addPos_0" time="0.0" classname="test.LListTestNGParamet"/>
  <testcase name="test_addPos_1" time="0.0" classname="test.LListTestNGParamet"/>
  <testcase name="test_addPos_1" time="0.0" classname="test.LListTestNGParamet"/>
  <testcase name="test_addPos_1" time="0.0" classname="test.LListTestNGParamet"/>
  <testcase name="test_addPos_1" time="0.0" classname="test.LListTestNGParamet"/>
  <testcase name="test_addPos_1" time="0.001" classname="test.LListTestNGParamet"/>
  <testcase name="test_addPos_2" time="0.0" classname="test.LListTestNGParamet"/>
  <testcase name="test_addPos_2" time="0.0" classname="test.LListTestNGParamet"/>
  <testcase name="test_addPos_2" time="0.0" classname="test.LListTestNGParamet"/>
  <testcase name="test_addPos_2" time="0.0" classname="test.LListTestNGParamet"/>
  <testcase name="test_addPos_2" time="0.0" classname="test.LListTestNGParamet"/>
  <testcase name="test_addPos_many" time="0.0" classname="test.LListTestNGParamet"/>
  <testcase name="test_addPos_many" time="0.0" classname="test.LListTestNGParamet"/>
  <testcase name="test_addPos_many" time="0.0" classname="test.LListTestNGParamet"/>
  <testcase name="test_addPos_many" time="0.004" classname="test.LListTestNGParamet"/>
  <testcase name="test_addPos_many" time="0.0" classname="test.LListTestNGParamet"/>
  <testcase name="test_addPos_many_end" time="0.0" classname="test.LListTestNGParamet"/>
  <testcase name="test_addPos_many_end" time="0.0" classname="test.LListTestNGParamet"/>
  <testcase name="test_addPos_many_end" time="0.001" classname="test.LListTestNGParamet"/>
  <testcase name="test_addPos_many_end" time="0.0" classname="test.LListTestNGParamet"/>
  <testcase name="test_addPos_many_end" time="0.0" classname="test.LListTestNGParamet"/>
  <testcase name="test_halfRevers_0" time="0.001" classname="test.LListTestNGParamet"/>
  <testcase name="test_halfRevers_0" time="0.0" classname="test.LListTestNGParamet"/>
  <testcase name="test_halfRevers_0" time="0.0" classname="test.LListTestNGParamet"/>
  <testcase name="test_halfRevers_0" time="0.0" classname="test.LListTestNGParamet"/>
  <testcase name="test_halfRevers_0" time="0.001" classname="test.LListTestNGParamet"/>
  <testcase name="test_halfRevers_1" time="0.0" classname="test.LListTestNGParamet"/>
  <testcase name="test_halfRevers_1" time="0.0" classname="test.LListTestNGParamet"/>
  <testcase name="test_halfRevers_1" time="0.0" classname="test.LListTestNGParamet"/>
  <testcase name="test_halfRevers_1" time="0.0" classname="test.LListTestNGParamet">
    <failure type="java.lang.AssertionError" message="array lengths differed, expected.length=1 actual.length=0">
      <![CDATA[java.lang.AssertionError: array lengths differed, expected.length=1 actual.length=0
	at org.testng.AssertJUnit.fail(AssertJUnit.java:59)
	at org.testng.internal.junit.ComparisonCriteria.assertArraysAreSameLength(ComparisonCriteria.java:70)
	at org.testng.internal.junit.ComparisonCriteria.arrayEquals(ComparisonCriteria.java:34)
	at org.testng.internal.junit.ArrayAsserts.internalArrayEquals(ArrayAsserts.java:270)
	at org.testng.internal.junit.ArrayAsserts.assertArrayEquals(ArrayAsserts.java:146)
	at org.testng.internal.junit.ArrayAsserts.assertArrayEquals(ArrayAsserts.java:159)
	at test.LListTestNGParamet.test_halfRevers_1(LListTestNGParamet.java:605)
	at sun.reflect.NativeMethodAccessorImpl.invoke0(Native Method)
	at sun.reflect.NativeMethodAccessorImpl.invoke(Unknown Source)
	at sun.reflect.DelegatingMethodAccessorImpl.invoke(Unknown Source)
	at java.lang.reflect.Method.invoke(Unknown Source)
	at org.testng.internal.MethodInvocationHelper.invokeMethod(MethodInvocationHelper.java:100)
	at org.testng.internal.Invoker.invokeMethod(Invoker.java:646)
	at org.testng.internal.Invoker.invokeTestMethod(Invoker.java:811)
	at org.testng.internal.Invoker.invokeTestMethods(Invoker.java:1129)
	at org.testng.internal.TestMethodWorker.invokeTestMethods(TestMethodWorker.java:129)
	at org.testng.internal.TestMethodWorker.run(TestMethodWorker.java:112)
	at org.testng.TestRunner.privateRun(TestRunner.java:746)
	at org.testng.TestRunner.run(TestRunner.java:600)
	at org.testng.SuiteRunner.runTest(SuiteRunner.java:366)
	at org.testng.SuiteRunner.runSequentially(SuiteRunner.java:361)
	at org.testng.SuiteRunner.privateRun(SuiteRunner.java:319)
	at org.testng.SuiteRunner.run(SuiteRunner.java:268)
	at org.testng.SuiteRunnerWorker.runSuite(SuiteRunnerWorker.java:52)
	at org.testng.SuiteRunnerWorker.run(SuiteRunnerWorker.java:86)
	at org.testng.TestNG.runSuitesSequentially(TestNG.java:1264)
	at org.testng.TestNG.runSuitesLocally(TestNG.java:1189)
	at org.testng.TestNG.runSuites(TestNG.java:1104)
	at org.testng.TestNG.run(TestNG.java:1076)
	at org.testng.remote.AbstractRemoteTestNG.run(AbstractRemoteTestNG.java:126)
	at org.testng.remote.RemoteTestNG.initAndRun(RemoteTestNG.java:152)
	at org.testng.remote.RemoteTestNG.main(RemoteTestNG.java:57)
]]>
    </failure>
  </testcase> <!-- test_halfRevers_1 -->
  <testcase name="test_halfRevers_1" time="0.0" classname="test.LListTestNGParamet"/>
  <testcase name="test_halfRevers_2" time="0.003" classname="test.LListTestNGParamet"/>
  <testcase name="test_halfRevers_2" time="0.0" classname="test.LListTestNGParamet"/>
  <testcase name="test_halfRevers_2" time="0.0" classname="test.LListTestNGParamet"/>
  <testcase name="test_halfRevers_2" time="0.0" classname="test.LListTestNGParamet">
    <failure type="java.lang.AssertionError" message="array lengths differed, expected.length=2 actual.length=0">
      <![CDATA[java.lang.AssertionError: array lengths differed, expected.length=2 actual.length=0
	at org.testng.AssertJUnit.fail(AssertJUnit.java:59)
	at org.testng.internal.junit.ComparisonCriteria.assertArraysAreSameLength(ComparisonCriteria.java:70)
	at org.testng.internal.junit.ComparisonCriteria.arrayEquals(ComparisonCriteria.java:34)
	at org.testng.internal.junit.ArrayAsserts.internalArrayEquals(ArrayAsserts.java:270)
	at org.testng.internal.junit.ArrayAsserts.assertArrayEquals(ArrayAsserts.java:146)
	at org.testng.internal.junit.ArrayAsserts.assertArrayEquals(ArrayAsserts.java:159)
	at test.LListTestNGParamet.test_halfRevers_2(LListTestNGParamet.java:615)
	at sun.reflect.NativeMethodAccessorImpl.invoke0(Native Method)
	at sun.reflect.NativeMethodAccessorImpl.invoke(Unknown Source)
	at sun.reflect.DelegatingMethodAccessorImpl.invoke(Unknown Source)
	at java.lang.reflect.Method.invoke(Unknown Source)
	at org.testng.internal.MethodInvocationHelper.invokeMethod(MethodInvocationHelper.java:100)
	at org.testng.internal.Invoker.invokeMethod(Invoker.java:646)
	at org.testng.internal.Invoker.invokeTestMethod(Invoker.java:811)
	at org.testng.internal.Invoker.invokeTestMethods(Invoker.java:1129)
	at org.testng.internal.TestMethodWorker.invokeTestMethods(TestMethodWorker.java:129)
	at org.testng.internal.TestMethodWorker.run(TestMethodWorker.java:112)
	at org.testng.TestRunner.privateRun(TestRunner.java:746)
	at org.testng.TestRunner.run(TestRunner.java:600)
	at org.testng.SuiteRunner.runTest(SuiteRunner.java:366)
	at org.testng.SuiteRunner.runSequentially(SuiteRunner.java:361)
	at org.testng.SuiteRunner.privateRun(SuiteRunner.java:319)
	at org.testng.SuiteRunner.run(SuiteRunner.java:268)
	at org.testng.SuiteRunnerWorker.runSuite(SuiteRunnerWorker.java:52)
	at org.testng.SuiteRunnerWorker.run(SuiteRunnerWorker.java:86)
	at org.testng.TestNG.runSuitesSequentially(TestNG.java:1264)
	at org.testng.TestNG.runSuitesLocally(TestNG.java:1189)
	at org.testng.TestNG.runSuites(TestNG.java:1104)
	at org.testng.TestNG.run(TestNG.java:1076)
	at org.testng.remote.AbstractRemoteTestNG.run(AbstractRemoteTestNG.java:126)
	at org.testng.remote.RemoteTestNG.initAndRun(RemoteTestNG.java:152)
	at org.testng.remote.RemoteTestNG.main(RemoteTestNG.java:57)
]]>
    </failure>
  </testcase> <!-- test_halfRevers_2 -->
  <testcase name="test_halfRevers_2" time="0.001" classname="test.LListTestNGParamet">
    <failure type="org.testng.internal.junit.ArrayComparisonFailure" message="arrays first differed at element [0]; expected:&amp;lt;20&amp;gt; but was:&amp;lt;10&amp;gt;">
      <![CDATA[arrays first differed at element [0]; expected:<20> but was:<10>
	at org.testng.internal.junit.ComparisonCriteria.arrayEquals(ComparisonCriteria.java:52)
	at org.testng.internal.junit.ArrayAsserts.internalArrayEquals(ArrayAsserts.java:270)
	at org.testng.internal.junit.ArrayAsserts.assertArrayEquals(ArrayAsserts.java:146)
	at org.testng.internal.junit.ArrayAsserts.assertArrayEquals(ArrayAsserts.java:159)
	at test.LListTestNGParamet.test_halfRevers_2(LListTestNGParamet.java:615)
	at sun.reflect.NativeMethodAccessorImpl.invoke0(Native Method)
	at sun.reflect.NativeMethodAccessorImpl.invoke(Unknown Source)
	at sun.reflect.DelegatingMethodAccessorImpl.invoke(Unknown Source)
	at java.lang.reflect.Method.invoke(Unknown Source)
	at org.testng.internal.MethodInvocationHelper.invokeMethod(MethodInvocationHelper.java:100)
	at org.testng.internal.Invoker.invokeMethod(Invoker.java:646)
	at org.testng.internal.Invoker.invokeTestMethod(Invoker.java:811)
	at org.testng.internal.Invoker.invokeTestMethods(Invoker.java:1129)
	at org.testng.internal.TestMethodWorker.invokeTestMethods(TestMethodWorker.java:129)
	at org.testng.internal.TestMethodWorker.run(TestMethodWorker.java:112)
	at org.testng.TestRunner.privateRun(TestRunner.java:746)
	at org.testng.TestRunner.run(TestRunner.java:600)
	at org.testng.SuiteRunner.runTest(SuiteRunner.java:366)
	at org.testng.SuiteRunner.runSequentially(SuiteRunner.java:361)
	at org.testng.SuiteRunner.privateRun(SuiteRunner.java:319)
	at org.testng.SuiteRunner.run(SuiteRunner.java:268)
	at org.testng.SuiteRunnerWorker.runSuite(SuiteRunnerWorker.java:52)
	at org.testng.SuiteRunnerWorker.run(SuiteRunnerWorker.java:86)
	at org.testng.TestNG.runSuitesSequentially(TestNG.java:1264)
	at org.testng.TestNG.runSuitesLocally(TestNG.java:1189)
	at org.testng.TestNG.runSuites(TestNG.java:1104)
	at org.testng.TestNG.run(TestNG.java:1076)
	at org.testng.remote.AbstractRemoteTestNG.run(AbstractRemoteTestNG.java:126)
	at org.testng.remote.RemoteTestNG.initAndRun(RemoteTestNG.java:152)
	at org.testng.remote.RemoteTestNG.main(RemoteTestNG.java:57)
]]>
    </failure>
  </testcase> <!-- test_halfRevers_2 -->
  <testcase name="test_halfRevers_many" time="0.005" classname="test.LListTestNGParamet"/>
  <testcase name="test_halfRevers_many" time="0.0" classname="test.LListTestNGParamet"/>
  <testcase name="test_halfRevers_many" time="0.0" classname="test.LListTestNGParamet"/>
  <testcase name="test_halfRevers_many" time="0.0" classname="test.LListTestNGParamet">
    <failure type="java.lang.AssertionError" message="array lengths differed, expected.length=6 actual.length=0">
      <![CDATA[java.lang.AssertionError: array lengths differed, expected.length=6 actual.length=0
	at org.testng.AssertJUnit.fail(AssertJUnit.java:59)
	at org.testng.internal.junit.ComparisonCriteria.assertArraysAreSameLength(ComparisonCriteria.java:70)
	at org.testng.internal.junit.ComparisonCriteria.arrayEquals(ComparisonCriteria.java:34)
	at org.testng.internal.junit.ArrayAsserts.internalArrayEquals(ArrayAsserts.java:270)
	at org.testng.internal.junit.ArrayAsserts.assertArrayEquals(ArrayAsserts.java:146)
	at org.testng.internal.junit.ArrayAsserts.assertArrayEquals(ArrayAsserts.java:159)
	at test.LListTestNGParamet.test_halfRevers_many(LListTestNGParamet.java:625)
	at sun.reflect.NativeMethodAccessorImpl.invoke0(Native Method)
	at sun.reflect.NativeMethodAccessorImpl.invoke(Unknown Source)
	at sun.reflect.DelegatingMethodAccessorImpl.invoke(Unknown Source)
	at java.lang.reflect.Method.invoke(Unknown Source)
	at org.testng.internal.MethodInvocationHelper.invokeMethod(MethodInvocationHelper.java:100)
	at org.testng.internal.Invoker.invokeMethod(Invoker.java:646)
	at org.testng.internal.Invoker.invokeTestMethod(Invoker.java:811)
	at org.testng.internal.Invoker.invokeTestMethods(Invoker.java:1129)
	at org.testng.internal.TestMethodWorker.invokeTestMethods(TestMethodWorker.java:129)
	at org.testng.internal.TestMethodWorker.run(TestMethodWorker.java:112)
	at org.testng.TestRunner.privateRun(TestRunner.java:746)
	at org.testng.TestRunner.run(TestRunner.java:600)
	at org.testng.SuiteRunner.runTest(SuiteRunner.java:366)
	at org.testng.SuiteRunner.runSequentially(SuiteRunner.java:361)
	at org.testng.SuiteRunner.privateRun(SuiteRunner.java:319)
	at org.testng.SuiteRunner.run(SuiteRunner.java:268)
	at org.testng.SuiteRunnerWorker.runSuite(SuiteRunnerWorker.java:52)
	at org.testng.SuiteRunnerWorker.run(SuiteRunnerWorker.java:86)
	at org.testng.TestNG.runSuitesSequentially(TestNG.java:1264)
	at org.testng.TestNG.runSuitesLocally(TestNG.java:1189)
	at org.testng.TestNG.runSuites(TestNG.java:1104)
	at org.testng.TestNG.run(TestNG.java:1076)
	at org.testng.remote.AbstractRemoteTestNG.run(AbstractRemoteTestNG.java:126)
	at org.testng.remote.RemoteTestNG.initAndRun(RemoteTestNG.java:152)
	at org.testng.remote.RemoteTestNG.main(RemoteTestNG.java:57)
]]>
    </failure>
  </testcase> <!-- test_halfRevers_many -->
  <testcase name="test_halfRevers_many" time="0.014" classname="test.LListTestNGParamet">
    <failure type="org.testng.internal.junit.ArrayComparisonFailure" message="arrays first differed at element [0]; expected:&amp;lt;11&amp;gt; but was:&amp;lt;10&amp;gt;">
      <![CDATA[arrays first differed at element [0]; expected:<11> but was:<10>
	at org.testng.internal.junit.ComparisonCriteria.arrayEquals(ComparisonCriteria.java:52)
	at org.testng.internal.junit.ArrayAsserts.internalArrayEquals(ArrayAsserts.java:270)
	at org.testng.internal.junit.ArrayAsserts.assertArrayEquals(ArrayAsserts.java:146)
	at org.testng.internal.junit.ArrayAsserts.assertArrayEquals(ArrayAsserts.java:159)
	at test.LListTestNGParamet.test_halfRevers_many(LListTestNGParamet.java:625)
	at sun.reflect.NativeMethodAccessorImpl.invoke0(Native Method)
	at sun.reflect.NativeMethodAccessorImpl.invoke(Unknown Source)
	at sun.reflect.DelegatingMethodAccessorImpl.invoke(Unknown Source)
	at java.lang.reflect.Method.invoke(Unknown Source)
	at org.testng.internal.MethodInvocationHelper.invokeMethod(MethodInvocationHelper.java:100)
	at org.testng.internal.Invoker.invokeMethod(Invoker.java:646)
	at org.testng.internal.Invoker.invokeTestMethod(Invoker.java:811)
	at org.testng.internal.Invoker.invokeTestMethods(Invoker.java:1129)
	at org.testng.internal.TestMethodWorker.invokeTestMethods(TestMethodWorker.java:129)
	at org.testng.internal.TestMethodWorker.run(TestMethodWorker.java:112)
	at org.testng.TestRunner.privateRun(TestRunner.java:746)
	at org.testng.TestRunner.run(TestRunner.java:600)
	at org.testng.SuiteRunner.runTest(SuiteRunner.java:366)
	at org.testng.SuiteRunner.runSequentially(SuiteRunner.java:361)
	at org.testng.SuiteRunner.privateRun(SuiteRunner.java:319)
	at org.testng.SuiteRunner.run(SuiteRunner.java:268)
	at org.testng.SuiteRunnerWorker.runSuite(SuiteRunnerWorker.java:52)
	at org.testng.SuiteRunnerWorker.run(SuiteRunnerWorker.java:86)
	at org.testng.TestNG.runSuitesSequentially(TestNG.java:1264)
	at org.testng.TestNG.runSuitesLocally(TestNG.java:1189)
	at org.testng.TestNG.runSuites(TestNG.java:1104)
	at org.testng.TestNG.run(TestNG.java:1076)
	at org.testng.remote.AbstractRemoteTestNG.run(AbstractRemoteTestNG.java:126)
	at org.testng.remote.RemoteTestNG.initAndRun(RemoteTestNG.java:152)
	at org.testng.remote.RemoteTestNG.main(RemoteTestNG.java:57)
]]>
    </failure>
  </testcase> <!-- test_halfRevers_many -->
  <testcase name="test_init_0" time="0.0" classname="test.LListTestNGParamet"/>
  <testcase name="test_init_0" time="0.0" classname="test.LListTestNGParamet"/>
  <testcase name="test_init_0" time="0.0" classname="test.LListTestNGParamet"/>
  <testcase name="test_init_0" time="0.001" classname="test.LListTestNGParamet"/>
  <testcase name="test_init_0" time="0.0" classname="test.LListTestNGParamet"/>
  <testcase name="test_init_1" time="0.0" classname="test.LListTestNGParamet"/>
  <testcase name="test_init_1" time="0.001" classname="test.LListTestNGParamet"/>
  <testcase name="test_init_1" time="0.0" classname="test.LListTestNGParamet"/>
  <testcase name="test_init_1" time="0.0" classname="test.LListTestNGParamet"/>
  <testcase name="test_init_1" time="0.0" classname="test.LListTestNGParamet"/>
  <testcase name="test_init_2" time="0.0" classname="test.LListTestNGParamet"/>
  <testcase name="test_init_2" time="0.0" classname="test.LListTestNGParamet"/>
  <testcase name="test_init_2" time="0.0" classname="test.LListTestNGParamet"/>
  <testcase name="test_init_2" time="0.0" classname="test.LListTestNGParamet"/>
  <testcase name="test_init_2" time="0.0" classname="test.LListTestNGParamet"/>
  <testcase name="test_init_many" time="0.0" classname="test.LListTestNGParamet"/>
  <testcase name="test_init_many" time="0.0" classname="test.LListTestNGParamet"/>
  <testcase name="test_init_many" time="0.0" classname="test.LListTestNGParamet"/>
  <testcase name="test_init_many" time="0.0" classname="test.LListTestNGParamet"/>
  <testcase name="test_init_many" time="0.0" classname="test.LListTestNGParamet"/>
  <testcase name="test_init_null" time="0.0" classname="test.LListTestNGParamet"/>
  <testcase name="test_init_null" time="0.0" classname="test.LListTestNGParamet"/>
  <testcase name="test_init_null" time="0.0" classname="test.LListTestNGParamet"/>
  <testcase name="test_init_null" time="0.0" classname="test.LListTestNGParamet"/>
  <testcase name="test_init_null" time="0.0" classname="test.LListTestNGParamet"/>
  <testcase name="test_toArray_0" time="0.0" classname="test.LListTestNGParamet"/>
  <testcase name="test_toArray_0" time="0.001" classname="test.LListTestNGParamet"/>
  <testcase name="test_toArray_0" time="0.0" classname="test.LListTestNGParamet"/>
  <testcase name="test_toArray_0" time="0.0" classname="test.LListTestNGParamet"/>
  <testcase name="test_toArray_0" time="0.0" classname="test.LListTestNGParamet"/>
  <testcase name="test_toArray_1" time="0.0" classname="test.LListTestNGParamet"/>
  <testcase name="test_toArray_1" time="0.0" classname="test.LListTestNGParamet"/>
  <testcase name="test_toArray_1" time="0.0" classname="test.LListTestNGParamet"/>
  <testcase name="test_toArray_1" time="0.001" classname="test.LListTestNGParamet"/>
  <testcase name="test_toArray_1" time="0.0" classname="test.LListTestNGParamet"/>
  <testcase name="test_toArray_2" time="0.0" classname="test.LListTestNGParamet"/>
  <testcase name="test_toArray_2" time="0.001" classname="test.LListTestNGParamet"/>
  <testcase name="test_toArray_2" time="0.0" classname="test.LListTestNGParamet"/>
  <testcase name="test_toArray_2" time="0.0" classname="test.LListTestNGParamet"/>
  <testcase name="test_toArray_2" time="0.0" classname="test.LListTestNGParamet"/>
  <testcase name="test_toArray_many" time="0.0" classname="test.LListTestNGParamet"/>
  <testcase name="test_toArray_many" time="0.0" classname="test.LListTestNGParamet"/>
  <testcase name="test_toArray_many" time="0.0" classname="test.LListTestNGParamet"/>
  <testcase name="test_toArray_many" time="0.0" classname="test.LListTestNGParamet"/>
  <testcase name="test_toArray_many" time="0.0" classname="test.LListTestNGParamet"/>
  <testcase name="test_toArray_null" time="0.003" classname="test.LListTestNGParamet"/>
  <testcase name="test_toArray_null" time="0.0" classname="test.LListTestNGParamet"/>
  <testcase name="test_toArray_null" time="0.0" classname="test.LListTestNGParamet"/>
  <testcase name="test_toArray_null" time="0.001" classname="test.LListTestNGParamet"/>
  <testcase name="test_toArray_null" time="0.006" classname="test.LListTestNGParamet"/>
</testsuite> <!-- Default test -->
